<?xml version="1.0" encoding="UTF-8"?>
<testng-results ignored="0" total="2" passed="2" failed="0" skipped="0">
  <reporter-output>
  </reporter-output>
  <suite started-at="2022-08-16T18:45:50 IST" name="Default Suite" finished-at="2022-08-16T18:45:53 IST" duration-ms="3588">
    <groups>
    </groups>
    <test started-at="2022-08-16T18:45:50 IST" name="RestAssuredProject" finished-at="2022-08-16T18:45:53 IST" duration-ms="3588">
      <class name="ApiTests">
        <test-method signature="test1()[pri:0, instance:ApiTests@23bb8443]" started-at="2022-08-16T18:45:50 IST" name="test1" finished-at="2022-08-16T18:45:53 IST" duration-ms="3270" status="PASS">
          <reporter-output>
          </reporter-output>
        </test-method> <!-- test1 -->
        <test-method signature="test2()[pri:0, instance:ApiTests@23bb8443]" started-at="2022-08-16T18:45:53 IST" name="test2" finished-at="2022-08-16T18:45:53 IST" duration-ms="156" status="PASS">
          <reporter-output>
          </reporter-output>
        </test-method> <!-- test2 -->
      </class> <!-- ApiTests -->
    </test> <!-- RestAssuredProject -->
  </suite> <!-- Default Suite -->
</testng-results>
